<?xml version="1.0" encoding="UTF-8"?>
<testng-results ignored="0" total="4" passed="4" failed="0" skipped="0">
  <reporter-output>
  </reporter-output>
  <suite started-at="2025-01-05T13:01:46 IST" name="Suite" finished-at="2025-01-05T13:01:51 IST" duration-ms="4548">
    <groups>
    </groups>
    <test started-at="2025-01-05T13:01:46 IST" name="Test" finished-at="2025-01-05T13:01:51 IST" duration-ms="4548">
      <class name="Chaining.GetUser">
        <test-method signature="GetUser_(org.testng.ITestContext)[pri:0, instance:Chaining.GetUser@3ba987b8]" started-at="2025-01-05T13:01:50 IST" name="GetUser_" finished-at="2025-01-05T13:01:50 IST" duration-ms="439" status="PASS">
          <params>
            <param index="0">
              <value>
                <![CDATA[org.testng.TestRunner@34129c78]]>
              </value>
            </param>
          </params>
          <reporter-output>
          </reporter-output>
        </test-method> <!-- GetUser_ -->
      </class> <!-- Chaining.GetUser -->
      <class name="Chaining.UpdateUser">
        <test-method signature="UpdateUser_(org.testng.ITestContext)[pri:0, instance:Chaining.UpdateUser@3f191845]" started-at="2025-01-05T13:01:50 IST" name="UpdateUser_" finished-at="2025-01-05T13:01:50 IST" duration-ms="416" status="PASS">
          <params>
            <param index="0">
              <value>
                <![CDATA[org.testng.TestRunner@34129c78]]>
              </value>
            </param>
          </params>
          <reporter-output>
          </reporter-output>
        </test-method> <!-- UpdateUser_ -->
      </class> <!-- Chaining.UpdateUser -->
      <class name="Chaining.DeleteUser">
        <test-method signature="DeleteUser_(org.testng.ITestContext)[pri:0, instance:Chaining.DeleteUser@5f049ea1]" started-at="2025-01-05T13:01:50 IST" name="DeleteUser_" finished-at="2025-01-05T13:01:51 IST" duration-ms="549" status="PASS">
          <params>
            <param index="0">
              <value>
                <![CDATA[org.testng.TestRunner@34129c78]]>
              </value>
            </param>
          </params>
          <reporter-output>
          </reporter-output>
        </test-method> <!-- DeleteUser_ -->
      </class> <!-- Chaining.DeleteUser -->
      <class name="Chaining.CreateUser">
        <test-method signature="createUser_(org.testng.ITestContext)[pri:0, instance:Chaining.CreateUser@742ff096]" started-at="2025-01-05T13:01:47 IST" name="createUser_" finished-at="2025-01-05T13:01:50 IST" duration-ms="3070" status="PASS">
          <params>
            <param index="0">
              <value>
                <![CDATA[org.testng.TestRunner@34129c78]]>
              </value>
            </param>
          </params>
          <reporter-output>
          </reporter-output>
        </test-method> <!-- createUser_ -->
      </class> <!-- Chaining.CreateUser -->
    </test> <!-- Test -->
  </suite> <!-- Suite -->
</testng-results>
