<?xml version="1.0" encoding="UTF-8"?>
<testng-results ignored="0" total="1" passed="1" failed="0" skipped="0">
  <reporter-output>
  </reporter-output>
  <suite started-at="2024-12-21T23:10:07 IST" name="Default suite" finished-at="2024-12-21T23:10:11 IST" duration-ms="3993">
    <groups>
    </groups>
    <test started-at="2024-12-21T23:10:07 IST" name="Default test" finished-at="2024-12-21T23:10:11 IST" duration-ms="3993">
      <class name="WaysToCreatePostRequest.ByJsonDotOrg">
        <test-method signature="PostRequestBodyUsingHashMap()[pri:0, instance:WaysToCreatePostRequest.ByJsonDotOrg@5824a83d]" started-at="2024-12-21T23:10:07 IST" name="PostRequestBodyUsingHashMap" finished-at="2024-12-21T23:10:11 IST" duration-ms="3910" status="PASS">
          <reporter-output>
          </reporter-output>
        </test-method> <!-- PostRequestBodyUsingHashMap -->
      </class> <!-- WaysToCreatePostRequest.ByJsonDotOrg -->
    </test> <!-- Default test -->
  </suite> <!-- Default suite -->
</testng-results>
