<?xml version="1.0" encoding="UTF-8"?>
<!-- Generated by org.testng.reporters.JUnitXMLReporter -->
<testsuite ignored="0" hostname="LAPTOP-4E0BVMRO" failures="0" tests="4" name="Test" time="4.548" errors="0" timestamp="2025-01-05T13:01:51 IST">
  <testcase classname="Chaining.CreateUser" name="createUser_" time="3.07"/>
  <testcase classname="Chaining.GetUser" name="GetUser_" time="0.439"/>
  <testcase classname="Chaining.UpdateUser" name="UpdateUser_" time="0.416"/>
  <testcase classname="Chaining.DeleteUser" name="DeleteUser_" time="0.549"/>
</testsuite> <!-- Test -->
