<?xml version="1.0" encoding="UTF-8"?>
<testng-results ignored="0" total="4" passed="4" failed="0" skipped="0">
  <reporter-output>
  </reporter-output>
  <suite started-at="2025-01-05T17:08:24 IST" name="Default suite" finished-at="2025-01-05T17:08:32 IST" duration-ms="7655">
    <groups>
    </groups>
    <test started-at="2025-01-05T17:08:24 IST" name="Default test" finished-at="2025-01-05T17:08:32 IST" duration-ms="7655">
      <class name="api.test.UserTests">
        <test-method is-config="true" signature="setData()[pri:0, instance:api.test.UserTests@3f4faf53]" started-at="2025-01-05T17:08:24 IST" name="setData" finished-at="2025-01-05T17:08:25 IST" duration-ms="280" status="PASS">
          <reporter-output>
          </reporter-output>
        </test-method> <!-- setData -->
        <test-method signature="testPostUser()[pri:1, instance:api.test.UserTests@3f4faf53]" started-at="2025-01-05T17:08:25 IST" name="testPostUser" finished-at="2025-01-05T17:08:29 IST" duration-ms="3905" status="PASS">
          <reporter-output>
          </reporter-output>
        </test-method> <!-- testPostUser -->
        <test-method signature="testGetUserByName()[pri:2, instance:api.test.UserTests@3f4faf53]" started-at="2025-01-05T17:08:29 IST" name="testGetUserByName" finished-at="2025-01-05T17:08:30 IST" duration-ms="1168" status="PASS">
          <reporter-output>
          </reporter-output>
        </test-method> <!-- testGetUserByName -->
        <test-method signature="testUpdateUserByName()[pri:3, instance:api.test.UserTests@3f4faf53]" started-at="2025-01-05T17:08:30 IST" name="testUpdateUserByName" finished-at="2025-01-05T17:08:31 IST" duration-ms="1133" status="PASS">
          <reporter-output>
          </reporter-output>
        </test-method> <!-- testUpdateUserByName -->
        <test-method signature="testDeleteUser()[pri:4, instance:api.test.UserTests@3f4faf53]" started-at="2025-01-05T17:08:31 IST" name="testDeleteUser" finished-at="2025-01-05T17:08:32 IST" duration-ms="1100" status="PASS">
          <reporter-output>
          </reporter-output>
        </test-method> <!-- testDeleteUser -->
      </class> <!-- api.test.UserTests -->
    </test> <!-- Default test -->
  </suite> <!-- Default suite -->
</testng-results>
